[0.039s] Invoking command in '/home/ubuntu/ros2_ws/ros2_ws/build/motion': CMAKE_PREFIX_PATH=/home/ubuntu/ros2_ws/ros2_ws/install/custom_msg_interfaces:/home/ubuntu/ros2_ws/ros2_ws/install/ros2_ur5_interface:/home/ubuntu/ros2_ws/ros2_ws/install/motion_pkg:/home/ubuntu/ros2_ws/ros2_ws/install/collision_detection_pkg:/opt/ros/jazzy/opt/gz_sim_vendor:/opt/ros/jazzy/opt/gz_sensors_vendor:/opt/ros/jazzy/opt/gz_physics_vendor:/opt/ros/jazzy/opt/sdformat_vendor:/opt/ros/jazzy/opt/gz_gui_vendor:/opt/ros/jazzy/opt/gz_transport_vendor:/opt/ros/jazzy/opt/gz_rendering_vendor:/opt/ros/jazzy/opt/gz_plugin_vendor:/opt/ros/jazzy/opt/gz_fuel_tools_vendor:/opt/ros/jazzy/opt/gz_msgs_vendor:/opt/ros/jazzy/opt/gz_common_vendor:/opt/ros/jazzy/opt/gz_math_vendor:/opt/ros/jazzy/opt/gz_utils_vendor:/opt/ros/jazzy/opt/gz_tools_vendor:/opt/ros/jazzy/opt/gz_ogre_next_vendor:/opt/ros/jazzy/opt/gz_dartsim_vendor:/opt/ros/jazzy/opt/gz_cmake_vendor:/home/ubuntu/ros2_ws/ros2_ws/install/start_simulation:/home/ubuntu/ros2_ws/ros2_ws/install/arm_bringup:/home/ubuntu/ros2_ws/ros2_ws/install/pose_estimator_pkg:/home/ubuntu/ros2_ws/ros2_ws/install/planning_pkg:/opt/ros/jazzy PYTHONPATH=/home/ubuntu/ros2_ws/ros2_ws/install/custom_msg_interfaces/lib/python3.12/site-packages:/home/ubuntu/ros2_ws/ros2_ws/install/start_simulation/lib/python3.12/site-packages:/home/ubuntu/ros2_ws/ros2_ws/install/arm_bringup/lib/python3.12/site-packages:/home/ubuntu/ros2_ws/ros2_ws/install/pose_estimator_pkg/lib/python3.12/site-packages:/home/ubuntu/ros2_ws/ros2_ws/install/planning_pkg/lib/python3.12/site-packages:/opt/ros/jazzy/lib/python3.12/site-packages /usr/bin/cmake --build /home/ubuntu/ros2_ws/ros2_ws/build/motion -- -j16 -l16
[0.373s] [ 12%] [32mBuilding CXX object CMakeFiles/direct_kin_server.dir/src/direct_kin_server.cpp.o[0m
[0.374s] [ 37%] Built target compute_path_service
[0.374s] [ 75%] [32mBuilding CXX object CMakeFiles/inverse_kin_server_node.dir/src/inverse_kin_server.cpp.o[0m
[0.374s] [ 75%] Built target compute_trajectory_service
[4.278s] [01m[K/home/ubuntu/ros2_ws/ros2_ws/ros2_ws/src/motion/src/inverse_kin_server.cpp:32:1:[m[K [01;31m[Kerror: [m[Kâ€˜[01m[KInverseKinServer[m[Kâ€™ does not name a type
[4.278s]    32 | [01;31m[KInverseKinServer[m[K::InverseKinServer(const rclcpp::NodeOptions & options): Node("inverse_kin_server_node", options)
[4.278s]       | [01;31m[K^~~~~~~~~~~~~~~~[m[K
[4.279s] [01m[K/home/ubuntu/ros2_ws/ros2_ws/ros2_ws/src/motion/src/inverse_kin_server.cpp:43:6:[m[K [01;31m[Kerror: [m[Kâ€˜[01m[KInverseKinServer[m[Kâ€™ has not been declared
[4.279s]    43 | void [01;31m[KInverseKinServer[m[K::computeIKCallback(
[4.279s]       |      [01;31m[K^~~~~~~~~~~~~~~~[m[K
[4.365s] [01m[K/home/ubuntu/ros2_ws/ros2_ws/ros2_ws/src/motion/src/inverse_kin_server.cpp:[m[K In function â€˜[01m[Kvoid motion_pkg::[01;32m[KcomputeIKCallback[m[K(std::shared_ptr<custom_msg_interfaces::srv::ComputeIK_Request_<std::allocator<void> > >, std::shared_ptr<custom_msg_interfaces::srv::ComputeIK_Response_<std::allocator<void> > >)[m[Kâ€™:
[4.365s] [01m[K/home/ubuntu/ros2_ws/ros2_ws/ros2_ws/src/motion/src/inverse_kin_server.cpp:73:30:[m[K [01;31m[Kerror: [m[Kâ€˜[01m[Kur5Inverse[m[Kâ€™ was not declared in this scope
[4.365s]    73 |  Eigen::MatrixXd solutions = [01;31m[Kur5Inverse[m[K(p60, R_f, scaleFactor);  // 8x6
[4.365s]       |                              [01;31m[K^~~~~~~~~~[m[K
[4.368s] In file included from [01m[K/opt/ros/jazzy/include/rclcpp/rclcpp/copy_all_parameter_values.hpp:27[m[K,
[4.368s]                  from [01m[K/opt/ros/jazzy/include/rclcpp/rclcpp/rclcpp.hpp:171[m[K,
[4.368s]                  from [01m[K/home/ubuntu/ros2_ws/ros2_ws/ros2_ws/src/motion/include/motion/inverse_kin_server.hpp:9[m[K,
[4.369s]                  from [01m[K/home/ubuntu/ros2_ws/ros2_ws/ros2_ws/src/motion/src/inverse_kin_server.cpp:1[m[K:
[4.369s] [01m[K/home/ubuntu/ros2_ws/ros2_ws/ros2_ws/src/motion/src/inverse_kin_server.cpp:104:14:[m[K [01;31m[Kerror: [m[Kinvalid use of â€˜[01m[Kthis[m[Kâ€™ in non-member function
[4.369s]   104 |  RCLCPP_INFO([01;31m[Kthis[m[K->get_logger(), "IK solutions computed and sent back to client.");
[4.369s]       |              [01;31m[K^~~~[m[K
[4.369s] [01m[K/home/ubuntu/ros2_ws/ros2_ws/ros2_ws/src/motion/src/inverse_kin_server.cpp:104:14:[m[K [01;31m[Kerror: [m[Kinvalid use of â€˜[01m[Kthis[m[Kâ€™ in non-member function
[4.369s] [01m[K/home/ubuntu/ros2_ws/ros2_ws/ros2_ws/src/motion/src/inverse_kin_server.cpp:104:2:[m[K [01;31m[Kerror: [m[Ktemplate argument 1 is invalid
[4.369s]   104 |  [01;31m[KRCLCPP_INFO[m[K(this->get_logger(), "IK solutions computed and sent back to client.");
[4.370s]       |  [01;31m[K^~~~~~~~~~~[m[K
[4.370s] [01m[K/home/ubuntu/ros2_ws/ros2_ws/ros2_ws/src/motion/src/inverse_kin_server.cpp:104:2:[m[K [01;31m[Kerror: [m[Ktemplate argument 1 is invalid
[4.370s]   104 |  [01;31m[KRCLCPP_INFO[m[K(this->get_logger(), "IK solutions computed and sent back to client.");
[4.370s]       |  [01;31m[K^~~~~~~~~~~[m[K
[4.370s] [01m[K/home/ubuntu/ros2_ws/ros2_ws/ros2_ws/src/motion/src/inverse_kin_server.cpp:104:2:[m[K [01;31m[Kerror: [m[Ktemplate argument 1 is invalid
[4.370s]   104 |  [01;31m[KRCLCPP_INFO[m[K(this->get_logger(), "IK solutions computed and sent back to client.");
[4.370s]       |  [01;31m[K^~~~~~~~~~~[m[K
[4.370s] In file included from [01m[K/opt/ros/jazzy/include/rclcpp/rclcpp/logging.hpp:24[m[K:
[4.370s] [01m[K/home/ubuntu/ros2_ws/ros2_ws/ros2_ws/src/motion/src/inverse_kin_server.cpp:104:14:[m[K [01;31m[Kerror: [m[Kinvalid use of â€˜[01m[Kthis[m[Kâ€™ in non-member function
[4.370s]   104 |  RCLCPP_INFO([01;31m[Kthis[m[K->get_logger(), "IK solutions computed and sent back to client.");
[4.370s]       |              [01;31m[K^~~~[m[K
[4.370s] [01m[K/home/ubuntu/ros2_ws/ros2_ws/ros2_ws/src/motion/src/inverse_kin_server.cpp:104:14:[m[K [01;31m[Kerror: [m[Kinvalid use of â€˜[01m[Kthis[m[Kâ€™ in non-member function
[4.370s]   104 |  RCLCPP_INFO([01;31m[Kthis[m[K->get_logger(), "IK solutions computed and sent back to client.");
[4.370s]       |              [01;31m[K^~~~[m[K
[4.384s] [01m[K/home/ubuntu/ros2_ws/ros2_ws/ros2_ws/src/motion/src/inverse_kin_server.cpp:[m[K At global scope:
[4.384s] [01m[K/home/ubuntu/ros2_ws/ros2_ws/ros2_ws/src/motion/src/inverse_kin_server.cpp:121:17:[m[K [01;31m[Kerror: [m[Kâ€˜[01m[KInverseKinServer[m[Kâ€™ has not been declared
[4.384s]   121 | Eigen::MatrixXd [01;31m[KInverseKinServer[m[K::ur5Inverse(const Eigen::Vector3f & p60, const Eigen::Matrix3f & R60, float scaleFactor)
[4.384s]       |                 [01;31m[K^~~~~~~~~~~~~~~~[m[K
[4.636s] [01m[K/home/ubuntu/ros2_ws/ros2_ws/ros2_ws/src/motion/src/inverse_kin_server.cpp:[m[K In function â€˜[01m[Kint[01;32m[K main[m[K(int, char**)[m[Kâ€™:
[4.637s] [01m[K/home/ubuntu/ros2_ws/ros2_ws/ros2_ws/src/motion/src/inverse_kin_server.cpp:374:44:[m[K [01;31m[Kerror: [m[Kâ€˜[01m[KInverseKinServer[m[Kâ€™ is not a member of â€˜[01m[Kmotion_pkg[m[Kâ€™; did you mean â€˜[01m[Kmotion::InverseKinServer[m[Kâ€™?
[4.637s]   374 |  rclcpp::spin(std::make_shared<motion_pkg::[01;31m[KInverseKinServer[m[K>());
[4.637s]       |                                            [01;31m[K^~~~~~~~~~~~~~~~[m[K
[4.637s] [01m[K/home/ubuntu/ros2_ws/ros2_ws/ros2_ws/src/motion/include/motion/inverse_kin_server.hpp:16:7:[m[K [01;36m[Knote: [m[Kâ€˜[01m[Kmotion::InverseKinServer[m[Kâ€™ declared here
[4.637s]    16 | class [01;36m[KInverseKinServer[m[K : public rclcpp::Node
[4.637s]       |       [01;36m[K^~~~~~~~~~~~~~~~[m[K
[4.637s] [01m[K/home/ubuntu/ros2_ws/ros2_ws/ros2_ws/src/motion/src/inverse_kin_server.cpp:374:61:[m[K [01;31m[Kerror: [m[Kno matching function for call to â€˜[01m[Kmake_shared<<expression error> >()[m[Kâ€™
[4.637s]   374 |  rclcpp::spin([01;31m[Kstd::make_shared<motion_pkg::InverseKinServer>()[m[K);
[4.637s]       |               [01;31m[K~~~~~~~~~~~~~~~~~~~~~~~~~~~~~~~~~~~~~~~~~~~~~~^~[m[K
[4.637s] In file included from [01m[K/usr/include/c++/13/memory:80[m[K,
[4.637s]                  from [01m[K/home/ubuntu/ros2_ws/ros2_ws/ros2_ws/src/motion/include/motion/inverse_kin_server.hpp:3[m[K:
[4.637s] [01m[K/usr/include/c++/13/bits/shared_ptr.h:1005:5:[m[K [01;36m[Knote: [m[Kcandidate: â€˜[01m[Ktemplate<class _Tp, class ... _Args> std::shared_ptr<typename std::enable_if<(! std::is_array< <template-parameter-1-1> >::value), _Tp>::type> std::[01;32m[Kmake_shared[m[K(_Args&& ...)[m[Kâ€™
[4.637s]  1005 |     [01;36m[Kmake_shared[m[K(_Args&&... __args)
[4.637s]       |     [01;36m[K^~~~~~~~~~~[m[K
[4.637s] [01m[K/usr/include/c++/13/bits/shared_ptr.h:1005:5:[m[K [01;36m[Knote: [m[K  template argument deduction/substitution failed:
[4.637s] [01m[K/home/ubuntu/ros2_ws/ros2_ws/ros2_ws/src/motion/src/inverse_kin_server.cpp:374:61:[m[K [01;31m[Kerror: [m[Ktemplate argument 1 is invalid
[4.638s]   374 |  rclcpp::spin([01;31m[Kstd::make_shared<motion_pkg::InverseKinServer>()[m[K);
[4.638s]       |               [01;31m[K~~~~~~~~~~~~~~~~~~~~~~~~~~~~~~~~~~~~~~~~~~~~~~^~[m[K
[6.451s] gmake[2]: *** [CMakeFiles/inverse_kin_server_node.dir/build.make:76: CMakeFiles/inverse_kin_server_node.dir/src/inverse_kin_server.cpp.o] Error 1
[6.452s] gmake[1]: *** [CMakeFiles/Makefile2:143: CMakeFiles/inverse_kin_server_node.dir/all] Error 2
[6.452s] gmake[1]: *** Waiting for unfinished jobs....
[7.767s] [ 87%] [32m[1mLinking CXX executable direct_kin_server[0m
[8.043s] [ 87%] Built target direct_kin_server
[8.045s] gmake: *** [Makefile:146: all] Error 2
[8.047s] Invoked command in '/home/ubuntu/ros2_ws/ros2_ws/build/motion' returned '2': CMAKE_PREFIX_PATH=/home/ubuntu/ros2_ws/ros2_ws/install/custom_msg_interfaces:/home/ubuntu/ros2_ws/ros2_ws/install/ros2_ur5_interface:/home/ubuntu/ros2_ws/ros2_ws/install/motion_pkg:/home/ubuntu/ros2_ws/ros2_ws/install/collision_detection_pkg:/opt/ros/jazzy/opt/gz_sim_vendor:/opt/ros/jazzy/opt/gz_sensors_vendor:/opt/ros/jazzy/opt/gz_physics_vendor:/opt/ros/jazzy/opt/sdformat_vendor:/opt/ros/jazzy/opt/gz_gui_vendor:/opt/ros/jazzy/opt/gz_transport_vendor:/opt/ros/jazzy/opt/gz_rendering_vendor:/opt/ros/jazzy/opt/gz_plugin_vendor:/opt/ros/jazzy/opt/gz_fuel_tools_vendor:/opt/ros/jazzy/opt/gz_msgs_vendor:/opt/ros/jazzy/opt/gz_common_vendor:/opt/ros/jazzy/opt/gz_math_vendor:/opt/ros/jazzy/opt/gz_utils_vendor:/opt/ros/jazzy/opt/gz_tools_vendor:/opt/ros/jazzy/opt/gz_ogre_next_vendor:/opt/ros/jazzy/opt/gz_dartsim_vendor:/opt/ros/jazzy/opt/gz_cmake_vendor:/home/ubuntu/ros2_ws/ros2_ws/install/start_simulation:/home/ubuntu/ros2_ws/ros2_ws/install/arm_bringup:/home/ubuntu/ros2_ws/ros2_ws/install/pose_estimator_pkg:/home/ubuntu/ros2_ws/ros2_ws/install/planning_pkg:/opt/ros/jazzy PYTHONPATH=/home/ubuntu/ros2_ws/ros2_ws/install/custom_msg_interfaces/lib/python3.12/site-packages:/home/ubuntu/ros2_ws/ros2_ws/install/start_simulation/lib/python3.12/site-packages:/home/ubuntu/ros2_ws/ros2_ws/install/arm_bringup/lib/python3.12/site-packages:/home/ubuntu/ros2_ws/ros2_ws/install/pose_estimator_pkg/lib/python3.12/site-packages:/home/ubuntu/ros2_ws/ros2_ws/install/planning_pkg/lib/python3.12/site-packages:/opt/ros/jazzy/lib/python3.12/site-packages /usr/bin/cmake --build /home/ubuntu/ros2_ws/ros2_ws/build/motion -- -j16 -l16
