[ 25%] Built target compute_path_service
[ 50%] Built target compute_trajectory_service
[ 75%] Built target direct_kin_server
[ 87%] [32mBuilding CXX object CMakeFiles/inverse_kin_server_node.dir/src/inverse_kin_server.cpp.o[0m
[01m[K/home/ubuntu/ros2_ws/ros2_ws/ros2_ws/src/motion/src/inverse_kin_server.cpp:[m[K In function â€˜[01m[Kint[01;32m[K main[m[K(int, char**)[m[Kâ€™:
[01m[K/home/ubuntu/ros2_ws/ros2_ws/ros2_ws/src/motion/src/inverse_kin_server.cpp:374:32:[m[K [01;31m[Kerror: [m[Kâ€˜[01m[Kmotion_pkg[m[Kâ€™ was not declared in this scope; did you mean â€˜[01m[Kmotion[m[Kâ€™?
  374 |  rclcpp::spin(std::make_shared<[01;31m[Kmotion_pkg[m[K::InverseKinServer>());
      |                                [01;31m[K^~~~~~~~~~[m[K
      |                                [32m[Kmotion[m[K
[01m[K/home/ubuntu/ros2_ws/ros2_ws/ros2_ws/src/motion/src/inverse_kin_server.cpp:374:20:[m[K [01;31m[Kerror: [m[Kparse error in template argument list
  374 |  rclcpp::spin(std::[01;31m[Kmake_shared<motion_pkg::InverseKinServer>[m[K());
      |                    [01;31m[K^~~~~~~~~~~~~~~~~~~~~~~~~~~~~~~~~~~~~~~~~[m[K
[01m[K/home/ubuntu/ros2_ws/ros2_ws/ros2_ws/src/motion/src/inverse_kin_server.cpp:374:61:[m[K [01;31m[Kerror: [m[Kno matching function for call to â€˜[01m[Kmake_shared<<expression error> >()[m[Kâ€™
  374 |  rclcpp::spin([01;31m[Kstd::make_shared<motion_pkg::InverseKinServer>()[m[K);
      |               [01;31m[K~~~~~~~~~~~~~~~~~~~~~~~~~~~~~~~~~~~~~~~~~~~~~~^~[m[K
In file included from [01m[K/usr/include/c++/13/memory:80[m[K,
                 from [01m[K/home/ubuntu/ros2_ws/ros2_ws/ros2_ws/src/motion/include/motion/inverse_kin_server.hpp:3[m[K,
                 from [01m[K/home/ubuntu/ros2_ws/ros2_ws/ros2_ws/src/motion/src/inverse_kin_server.cpp:1[m[K:
[01m[K/usr/include/c++/13/bits/shared_ptr.h:1005:5:[m[K [01;36m[Knote: [m[Kcandidate: â€˜[01m[Ktemplate<class _Tp, class ... _Args> std::shared_ptr<typename std::enable_if<(! std::is_array< <template-parameter-1-1> >::value), _Tp>::type> std::[01;32m[Kmake_shared[m[K(_Args&& ...)[m[Kâ€™
 1005 |     [01;36m[Kmake_shared[m[K(_Args&&... __args)
      |     [01;36m[K^~~~~~~~~~~[m[K
[01m[K/usr/include/c++/13/bits/shared_ptr.h:1005:5:[m[K [01;36m[Knote: [m[K  template argument deduction/substitution failed:
[01m[K/home/ubuntu/ros2_ws/ros2_ws/ros2_ws/src/motion/src/inverse_kin_server.cpp:374:61:[m[K [01;31m[Kerror: [m[Ktemplate argument 1 is invalid
  374 |  rclcpp::spin([01;31m[Kstd::make_shared<motion_pkg::InverseKinServer>()[m[K);
      |               [01;31m[K~~~~~~~~~~~~~~~~~~~~~~~~~~~~~~~~~~~~~~~~~~~~~~^~[m[K
gmake[2]: *** [CMakeFiles/inverse_kin_server_node.dir/build.make:76: CMakeFiles/inverse_kin_server_node.dir/src/inverse_kin_server.cpp.o] Error 1
gmake[1]: *** [CMakeFiles/Makefile2:143: CMakeFiles/inverse_kin_server_node.dir/all] Error 2
gmake: *** [Makefile:146: all] Error 2
