[0.040s] Invoking command in '/home/ubuntu/ros2_ws/ros2_ws/build/motion': CMAKE_PREFIX_PATH=/home/ubuntu/ros2_ws/ros2_ws/install/custom_msg_interfaces:/home/ubuntu/ros2_ws/ros2_ws/install/ros2_ur5_interface:/home/ubuntu/ros2_ws/ros2_ws/install/motion_pkg:/home/ubuntu/ros2_ws/ros2_ws/install/collision_detection_pkg:/opt/ros/jazzy/opt/gz_sim_vendor:/opt/ros/jazzy/opt/gz_sensors_vendor:/opt/ros/jazzy/opt/gz_physics_vendor:/opt/ros/jazzy/opt/sdformat_vendor:/opt/ros/jazzy/opt/gz_gui_vendor:/opt/ros/jazzy/opt/gz_transport_vendor:/opt/ros/jazzy/opt/gz_rendering_vendor:/opt/ros/jazzy/opt/gz_plugin_vendor:/opt/ros/jazzy/opt/gz_fuel_tools_vendor:/opt/ros/jazzy/opt/gz_msgs_vendor:/opt/ros/jazzy/opt/gz_common_vendor:/opt/ros/jazzy/opt/gz_math_vendor:/opt/ros/jazzy/opt/gz_utils_vendor:/opt/ros/jazzy/opt/gz_tools_vendor:/opt/ros/jazzy/opt/gz_ogre_next_vendor:/opt/ros/jazzy/opt/gz_dartsim_vendor:/opt/ros/jazzy/opt/gz_cmake_vendor:/home/ubuntu/ros2_ws/ros2_ws/install/start_simulation:/home/ubuntu/ros2_ws/ros2_ws/install/arm_bringup:/home/ubuntu/ros2_ws/ros2_ws/install/pose_estimator_pkg:/home/ubuntu/ros2_ws/ros2_ws/install/planning_pkg:/opt/ros/jazzy PYTHONPATH=/home/ubuntu/ros2_ws/ros2_ws/install/custom_msg_interfaces/lib/python3.12/site-packages:/home/ubuntu/ros2_ws/ros2_ws/install/start_simulation/lib/python3.12/site-packages:/home/ubuntu/ros2_ws/ros2_ws/install/arm_bringup/lib/python3.12/site-packages:/home/ubuntu/ros2_ws/ros2_ws/install/pose_estimator_pkg/lib/python3.12/site-packages:/home/ubuntu/ros2_ws/ros2_ws/install/planning_pkg/lib/python3.12/site-packages:/opt/ros/jazzy/lib/python3.12/site-packages /usr/bin/cmake --build /home/ubuntu/ros2_ws/ros2_ws/build/motion -- -j16 -l16
[0.355s] [ 25%] Built target compute_path_service
[0.356s] [ 50%] Built target compute_trajectory_service
[0.356s] [ 75%] Built target direct_kin_server
[0.357s] [ 87%] [32mBuilding CXX object CMakeFiles/inverse_kin_server_node.dir/src/inverse_kin_server.cpp.o[0m
[4.668s] [01m[K/home/ubuntu/ros2_ws/ros2_ws/ros2_ws/src/motion/src/inverse_kin_server.cpp:[m[K In function â€˜[01m[Kint[01;32m[K main[m[K(int, char**)[m[Kâ€™:
[4.668s] [01m[K/home/ubuntu/ros2_ws/ros2_ws/ros2_ws/src/motion/src/inverse_kin_server.cpp:374:32:[m[K [01;31m[Kerror: [m[Kâ€˜[01m[Kmotion_pkg[m[Kâ€™ was not declared in this scope; did you mean â€˜[01m[Kmotion[m[Kâ€™?
[4.668s]   374 |  rclcpp::spin(std::make_shared<[01;31m[Kmotion_pkg[m[K::InverseKinServer>());
[4.668s]       |                                [01;31m[K^~~~~~~~~~[m[K
[4.668s]       |                                [32m[Kmotion[m[K
[4.668s] [01m[K/home/ubuntu/ros2_ws/ros2_ws/ros2_ws/src/motion/src/inverse_kin_server.cpp:374:20:[m[K [01;31m[Kerror: [m[Kparse error in template argument list
[4.668s]   374 |  rclcpp::spin(std::[01;31m[Kmake_shared<motion_pkg::InverseKinServer>[m[K());
[4.668s]       |                    [01;31m[K^~~~~~~~~~~~~~~~~~~~~~~~~~~~~~~~~~~~~~~~~[m[K
[4.668s] [01m[K/home/ubuntu/ros2_ws/ros2_ws/ros2_ws/src/motion/src/inverse_kin_server.cpp:374:61:[m[K [01;31m[Kerror: [m[Kno matching function for call to â€˜[01m[Kmake_shared<<expression error> >()[m[Kâ€™
[4.668s]   374 |  rclcpp::spin([01;31m[Kstd::make_shared<motion_pkg::InverseKinServer>()[m[K);
[4.668s]       |               [01;31m[K~~~~~~~~~~~~~~~~~~~~~~~~~~~~~~~~~~~~~~~~~~~~~~^~[m[K
[4.668s] In file included from [01m[K/usr/include/c++/13/memory:80[m[K,
[4.669s]                  from [01m[K/home/ubuntu/ros2_ws/ros2_ws/ros2_ws/src/motion/include/motion/inverse_kin_server.hpp:3[m[K,
[4.669s]                  from [01m[K/home/ubuntu/ros2_ws/ros2_ws/ros2_ws/src/motion/src/inverse_kin_server.cpp:1[m[K:
[4.669s] [01m[K/usr/include/c++/13/bits/shared_ptr.h:1005:5:[m[K [01;36m[Knote: [m[Kcandidate: â€˜[01m[Ktemplate<class _Tp, class ... _Args> std::shared_ptr<typename std::enable_if<(! std::is_array< <template-parameter-1-1> >::value), _Tp>::type> std::[01;32m[Kmake_shared[m[K(_Args&& ...)[m[Kâ€™
[4.669s]  1005 |     [01;36m[Kmake_shared[m[K(_Args&&... __args)
[4.669s]       |     [01;36m[K^~~~~~~~~~~[m[K
[4.669s] [01m[K/usr/include/c++/13/bits/shared_ptr.h:1005:5:[m[K [01;36m[Knote: [m[K  template argument deduction/substitution failed:
[4.669s] [01m[K/home/ubuntu/ros2_ws/ros2_ws/ros2_ws/src/motion/src/inverse_kin_server.cpp:374:61:[m[K [01;31m[Kerror: [m[Ktemplate argument 1 is invalid
[4.669s]   374 |  rclcpp::spin([01;31m[Kstd::make_shared<motion_pkg::InverseKinServer>()[m[K);
[4.669s]       |               [01;31m[K~~~~~~~~~~~~~~~~~~~~~~~~~~~~~~~~~~~~~~~~~~~~~~^~[m[K
[7.017s] gmake[2]: *** [CMakeFiles/inverse_kin_server_node.dir/build.make:76: CMakeFiles/inverse_kin_server_node.dir/src/inverse_kin_server.cpp.o] Error 1
[7.017s] gmake[1]: *** [CMakeFiles/Makefile2:143: CMakeFiles/inverse_kin_server_node.dir/all] Error 2
[7.017s] gmake: *** [Makefile:146: all] Error 2
[7.022s] Invoked command in '/home/ubuntu/ros2_ws/ros2_ws/build/motion' returned '2': CMAKE_PREFIX_PATH=/home/ubuntu/ros2_ws/ros2_ws/install/custom_msg_interfaces:/home/ubuntu/ros2_ws/ros2_ws/install/ros2_ur5_interface:/home/ubuntu/ros2_ws/ros2_ws/install/motion_pkg:/home/ubuntu/ros2_ws/ros2_ws/install/collision_detection_pkg:/opt/ros/jazzy/opt/gz_sim_vendor:/opt/ros/jazzy/opt/gz_sensors_vendor:/opt/ros/jazzy/opt/gz_physics_vendor:/opt/ros/jazzy/opt/sdformat_vendor:/opt/ros/jazzy/opt/gz_gui_vendor:/opt/ros/jazzy/opt/gz_transport_vendor:/opt/ros/jazzy/opt/gz_rendering_vendor:/opt/ros/jazzy/opt/gz_plugin_vendor:/opt/ros/jazzy/opt/gz_fuel_tools_vendor:/opt/ros/jazzy/opt/gz_msgs_vendor:/opt/ros/jazzy/opt/gz_common_vendor:/opt/ros/jazzy/opt/gz_math_vendor:/opt/ros/jazzy/opt/gz_utils_vendor:/opt/ros/jazzy/opt/gz_tools_vendor:/opt/ros/jazzy/opt/gz_ogre_next_vendor:/opt/ros/jazzy/opt/gz_dartsim_vendor:/opt/ros/jazzy/opt/gz_cmake_vendor:/home/ubuntu/ros2_ws/ros2_ws/install/start_simulation:/home/ubuntu/ros2_ws/ros2_ws/install/arm_bringup:/home/ubuntu/ros2_ws/ros2_ws/install/pose_estimator_pkg:/home/ubuntu/ros2_ws/ros2_ws/install/planning_pkg:/opt/ros/jazzy PYTHONPATH=/home/ubuntu/ros2_ws/ros2_ws/install/custom_msg_interfaces/lib/python3.12/site-packages:/home/ubuntu/ros2_ws/ros2_ws/install/start_simulation/lib/python3.12/site-packages:/home/ubuntu/ros2_ws/ros2_ws/install/arm_bringup/lib/python3.12/site-packages:/home/ubuntu/ros2_ws/ros2_ws/install/pose_estimator_pkg/lib/python3.12/site-packages:/home/ubuntu/ros2_ws/ros2_ws/install/planning_pkg/lib/python3.12/site-packages:/opt/ros/jazzy/lib/python3.12/site-packages /usr/bin/cmake --build /home/ubuntu/ros2_ws/ros2_ws/build/motion -- -j16 -l16
